<?xml version="1.0" encoding="UTF-8"?>
<testng-results ignored="0" total="1" passed="1" failed="0" skipped="0">
  <reporter-output>
  </reporter-output>
  <suite started-at="2022-09-25T00:13:10 IST" name="Default suite" finished-at="2022-09-25T00:14:36 IST" duration-ms="85300">
    <groups>
      <group name="cucumber">
        <method signature="AbstractTestNGCucumberTests.runScenario(io.cucumber.testng.PickleWrapper,io.cucumber.testng.FeatureWrapper)[pri:0, instance:com.cucumber.runner.ShoppingRunnerTest@74e28667]" name="runScenario" class="io.cucumber.testng.AbstractTestNGCucumberTests"/>
      </group> <!-- cucumber -->
    </groups>
    <test started-at="2022-09-25T00:13:10 IST" name="Default test" finished-at="2022-09-25T00:14:36 IST" duration-ms="85300">
      <class name="com.cucumber.runner.ShoppingRunnerTest">
        <test-method is-config="true" signature="setUpClass()[pri:0, instance:com.cucumber.runner.ShoppingRunnerTest@74e28667]" started-at="2022-09-25T00:13:11 IST" name="setUpClass" finished-at="2022-09-25T00:13:12 IST" duration-ms="1111" status="PASS">
          <reporter-output>
          </reporter-output>
        </test-method> <!-- setUpClass -->
        <test-method signature="runScenario(io.cucumber.testng.PickleWrapper,io.cucumber.testng.FeatureWrapper)[pri:0, instance:com.cucumber.runner.ShoppingRunnerTest@74e28667]" started-at="2022-09-25T00:13:12 IST" name="runScenario" description="Runs Cucumber Scenarios" data-provider="scenarios" finished-at="2022-09-25T00:14:36 IST" duration-ms="83929" status="PASS">
          <params>
            <param index="0">
              <value>
                <![CDATA["Shopping"]]>
              </value>
            </param>
            <param index="1">
              <value>
                <![CDATA["Optional[OnlineShopping]"]]>
              </value>
            </param>
          </params>
          <reporter-output>
          </reporter-output>
        </test-method> <!-- runScenario -->
        <test-method is-config="true" signature="tearDownClass()[pri:0, instance:com.cucumber.runner.ShoppingRunnerTest@74e28667]" started-at="2022-09-25T00:14:36 IST" name="tearDownClass" finished-at="2022-09-25T00:14:36 IST" duration-ms="66" status="PASS">
          <reporter-output>
          </reporter-output>
        </test-method> <!-- tearDownClass -->
      </class> <!-- com.cucumber.runner.ShoppingRunnerTest -->
    </test> <!-- Default test -->
  </suite> <!-- Default suite -->
</testng-results>
